8fa4 app_context::start_logger  476 ---- 2025/06/21 22:01:58.585 -------------------------------------------------
8fa4 app_context::start_logger  479 Host process is 'cmd.exe' (pid 36772)
8fa4 app_context::start_logger  483 DLL path is 'C:\cmder\vendor\clink'
8fa4 app_context::start_logger  498 Windows version 10.0.26100 (x64)
8fa4 app_context::start_logger  500 Clink version 1.6.14.93b83f (x64)
8fa4 hook_setter::hook_setter  159 >>> Started hook transaction.
8fa4 hook_setter::attach_iat   316 Attempting to hook SetEnvironmentVariableW in IAT for module 00007FF62C5B0000.
8fa4 pe_info::iterate_imports  195 Found import in 'api-ms-win-core-processenvironment-l1-1-0.dll'
8fa4 find_iat                  124 Found import at 00007FF62C5F3E70 (value is 00007FFE7EB6AA10).
8fa4 hook_setter::attach_iat   316 Attempting to hook SetEnvironmentStringsW in IAT for module 00007FF62C5B0000.
8fa4 pe_info::iterate_imports  195 Found import in 'api-ms-win-core-processenvironment-l1-1-0.dll'
8fa4 find_iat                  124 Found import at 00007FF62C5F3E78 (value is 00007FFE7EB7BE70).
8fa4 hook_setter::attach_iat   316 Attempting to hook WriteConsoleW in IAT for module 00007FF62C5B0000.
8fa4 pe_info::iterate_imports  195 Found import in 'api-ms-win-core-console-l1-1-0.dll'
8fa4 find_iat                  124 Found import at 00007FF62C5F3AB8 (value is 00007FFE7EB64F10).
8fa4 hook_setter::attach_iat   316 Attempting to hook GetEnvironmentVariableW in IAT for module 00007FF62C5B0000.
8fa4 pe_info::iterate_imports  195 Found import in 'api-ms-win-core-processenvironment-l1-1-0.dll'
8fa4 find_iat                  124 Found import at 00007FF62C5F3E50 (value is 00007FFE7EB45110).
8fa4 hook_setter::commit       207 <<< Hook transaction committed.
8fa4 hook_setter::hook_setter  159 >>> Started hook transaction.
8fa4 hook_setter::detach_iat   359 Attempting to unhook 00007FFDE1185200 from GetEnvironmentVariableW in IAT for module 00007FF62C5B0000.
8fa4 pe_info::iterate_imports  195 Found import in 'api-ms-win-core-processenvironment-l1-1-0.dll'
8fa4 find_iat                  124 Found import at 00007FF62C5F3E50 (value is 00007FFDE1185200).
8fa4 hook_setter::commit       207 <<< Hook transaction committed.
8fa4 hook_setter::hook_setter  159 >>> Started hook transaction.
8fa4 hook_setter::attach_iat   316 Attempting to hook ReadConsoleW in IAT for module 00007FF62C5B0000.
8fa4 pe_info::iterate_imports  195 Found import in 'api-ms-win-core-console-l1-1-0.dll'
8fa4 find_iat                  124 Found import at 00007FF62C5F3AC8 (value is 00007FFE7EB7F370).
8fa4 hook_setter::commit       207 <<< Hook transaction committed.
8fa4 hook_setter::hook_setter  159 >>> Started hook transaction.
8fa4 hook_setter::attach_iat   316 Attempting to hook SetConsoleTitleW in IAT for module 00007FF62C5B0000.
8fa4 pe_info::iterate_imports  195 Found import in 'api-ms-win-core-console-l2-2-0.dll'
8fa4 find_iat                  124 Found import at 00007FF62C5F3B30 (value is 00007FFE7EB54D50).
8fa4 hook_setter::commit       207 <<< Hook transaction committed.
8fa4 win_screen_buffer::begin  366 Using native terminal support (auto mode found 'ConEmuHk64.dll').
8fa4 reset_handle              144 resetting mismatched stdin handle
8fa4 reset_handle              144 resetting mismatched stdout handle
8fa4 reset_handle              144 resetting mismatched stderr handle
8fa4 reset_handle              144 resetting mismatched stdout handle
8fa4 reset_handle              144 resetting mismatched stderr handle
8fa4 host_lua::load_scripts    192 Loaded 2 Lua scripts in 219 ms
8fa4 @~clink~/app/update.lua   356 Clink updater: updating because there is no record of having updated before.
8fa4 history_db::initialise   1321 master bank ctag: |CTAG_1749716228_157152343_44972_0
8fa4 history_db::compact      1599 History:  0 active, 0 deleted
8fa4 @~clink~/app/update.lua   425 Clink updater: latest release is v1.7.20; install type is zip.
8fa4 @~clink~/app/update.lua   451 Clink updater: downloading https://github.com/chrisant996/clink/releases/download/v1.7.20/clink.1.7.20.9f8e98.zip to C:\Users\admin\AppData\Local\Temp\clink\updater\v1.7.20.zip.
8fa4 @~clink~/app/update.lua   577 Clink updater: update in C:\Users\admin\AppData\Local\Temp\clink\updater\v1.7.20.zip is ready to be applied.
8fa4 reset_handle              144 resetting mismatched stdout handle
8fa4 reset_handle              144 resetting mismatched stderr handle
8fa4 history_db::compact      1599 History:  0 active, 0 deleted
8fa4 reset_handle              144 resetting mismatched stdout handle
8fa4 reset_handle              144 resetting mismatched stderr handle
8fa4 history_db::compact      1599 History:  0 active, 0 deleted
8fa4 reset_handle              144 resetting mismatched stdout handle
8fa4 reset_handle              144 resetting mismatched stderr handle
8fa4 history_db::compact      1599 History:  0 active, 0 deleted
8fa4 reset_handle              144 resetting mismatched stdout handle
8fa4 reset_handle              144 resetting mismatched stderr handle
8fa4 history_db::compact      1599 History:  0 active, 0 deleted
8fa4 reset_handle              144 resetting mismatched stdout handle
8fa4 reset_handle              144 resetting mismatched stderr handle
8fa4 history_db::compact      1599 History:  0 active, 0 deleted
